<?xml version="1.0" encoding="UTF-8"?>
<testng-results ignored="0" total="1" passed="1" failed="0" skipped="0">
  <reporter-output>
  </reporter-output>
  <suite started-at="2023-02-08T12:28:49 IST" name="Default suite" finished-at="2023-02-08T12:29:04 IST" duration-ms="14947">
    <groups>
    </groups>
    <test started-at="2023-02-08T12:28:49 IST" name="Default test" finished-at="2023-02-08T12:29:04 IST" duration-ms="14947">
      <class name="testPackage.TestLogout">
        <test-method is-config="true" signature="setup()[pri:0, instance:testPackage.TestLogout@79da8dc5]" started-at="2023-02-08T12:28:49 IST" name="setup" finished-at="2023-02-08T12:28:52 IST" duration-ms="3853" status="PASS">
          <reporter-output>
          </reporter-output>
        </test-method> <!-- setup -->
        <test-method signature="testLogoutTab()[pri:0, instance:testPackage.TestLogout@79da8dc5]" started-at="2023-02-08T12:28:52 IST" name="testLogoutTab" finished-at="2023-02-08T12:29:00 IST" duration-ms="7543" status="PASS">
          <reporter-output>
          </reporter-output>
        </test-method> <!-- testLogoutTab -->
        <test-method is-config="true" signature="teardown()[pri:0, instance:testPackage.TestLogout@79da8dc5]" started-at="2023-02-08T12:29:00 IST" name="teardown" finished-at="2023-02-08T12:29:04 IST" duration-ms="3477" status="PASS">
          <reporter-output>
          </reporter-output>
        </test-method> <!-- teardown -->
      </class> <!-- testPackage.TestLogout -->
    </test> <!-- Default test -->
  </suite> <!-- Default suite -->
</testng-results>
