<?xml version="1.0" encoding="UTF-8"?>
<testng-results ignored="0" total="1" passed="1" failed="0" skipped="0">
  <reporter-output>
  </reporter-output>
  <suite started-at="2023-02-07T16:51:44 IST" name="Default suite" finished-at="2023-02-07T16:52:31 IST" duration-ms="46656">
    <groups>
    </groups>
    <test started-at="2023-02-07T16:51:44 IST" name="Default test" finished-at="2023-02-07T16:52:31 IST" duration-ms="46656">
      <class name="testPackage.TestActiTimeInvalidLogin">
        <test-method is-config="true" signature="setup()[pri:0, instance:testPackage.TestActiTimeInvalidLogin@696da30b]" started-at="2023-02-07T16:51:44 IST" name="setup" finished-at="2023-02-07T16:51:51 IST" duration-ms="6433" status="PASS">
          <reporter-output>
          </reporter-output>
        </test-method> <!-- setup -->
        <test-method signature="invalidLogin()[pri:0, instance:testPackage.TestActiTimeInvalidLogin@696da30b]" started-at="2023-02-07T16:51:51 IST" name="invalidLogin" finished-at="2023-02-07T16:52:31 IST" duration-ms="39775" status="PASS">
          <reporter-output>
          </reporter-output>
        </test-method> <!-- invalidLogin -->
        <test-method is-config="true" signature="teardown()[pri:0, instance:testPackage.TestActiTimeInvalidLogin@696da30b]" started-at="2023-02-07T16:52:31 IST" name="teardown" finished-at="2023-02-07T16:52:31 IST" duration-ms="358" status="PASS">
          <reporter-output>
          </reporter-output>
        </test-method> <!-- teardown -->
      </class> <!-- testPackage.TestActiTimeInvalidLogin -->
    </test> <!-- Default test -->
  </suite> <!-- Default suite -->
</testng-results>
